Running Cylinder...
    multiprecision repetition 1/3: Cylinder + exponential
    multiprecision repetition 1/3: Cylinder + retraction
    multiprecision repetition 2/3: Cylinder + retraction
    multiprecision repetition 2/3: Cylinder + exponential
    multiprecision repetition 3/3: Cylinder + exponential
    multiprecision repetition 3/3: Cylinder + retraction
    moderate-precision timings: Cylinder
Running Sphere S3...
    multiprecision repetition 1/3: S3 + exponential
    multiprecision repetition 1/3: S3 + retraction
    multiprecision repetition 2/3: S3 + retraction
    multiprecision repetition 2/3: S3 + exponential
    multiprecision repetition 3/3: S3 + exponential
    multiprecision repetition 3/3: S3 + retraction
    moderate-precision timings: Sphere S3
Running Product torus...
    multiprecision repetition 1/3: Product torus + exponential
    multiprecision repetition 1/3: Product torus + retraction
    multiprecision repetition 2/3: Product torus + retraction
    multiprecision repetition 2/3: Product torus + exponential
    multiprecision repetition 3/3: Product torus + exponential
    multiprecision repetition 3/3: Product torus + retraction
    moderate-precision timings: Product torus
Running Nonlinear SL(2,R)...
    multiprecision repetition 1/3: SL(2,R) + Riemannian exponential
    multiprecision repetition 1/3: SL(2,R) + homogeneous retraction
    multiprecision repetition 2/3: SL(2,R) + homogeneous retraction
    multiprecision repetition 2/3: SL(2,R) + Riemannian exponential
    multiprecision repetition 3/3: SL(2,R) + Riemannian exponential
    multiprecision repetition 3/3: SL(2,R) + homogeneous retraction
    moderate-precision timings: Nonlinear SL(2,R)
Running Nonlinear Stiefel field...
    multiprecision repetition 1/3: Nonlinear Stiefel + exponential
    multiprecision repetition 1/3: Nonlinear Stiefel + polar retraction
    multiprecision repetition 2/3: Nonlinear Stiefel + polar retraction
    multiprecision repetition 2/3: Nonlinear Stiefel + exponential
    multiprecision repetition 3/3: Nonlinear Stiefel + exponential
    multiprecision repetition 3/3: Nonlinear Stiefel + polar retraction
    moderate-precision timings: Nonlinear Stiefel field
Running Wahba on S3...
    multiprecision repetition 1/3: Wahba + exponential
    multiprecision repetition 1/3: Wahba + normalization retraction
    multiprecision repetition 2/3: Wahba + normalization retraction
    multiprecision repetition 2/3: Wahba + exponential
    multiprecision repetition 3/3: Wahba + exponential
    multiprecision repetition 3/3: Wahba + normalization retraction
    moderate-precision timings: Wahba on S3
Running Toroidal von Mises model...
    multiprecision repetition 1/3: Von Mises + exponential
    multiprecision repetition 1/3: Von Mises + normalization retraction
    multiprecision repetition 2/3: Von Mises + normalization retraction
    multiprecision repetition 2/3: Von Mises + exponential
    multiprecision repetition 3/3: Von Mises + exponential
    multiprecision repetition 3/3: Von Mises + normalization retraction
    moderate-precision timings: Toroidal von Mises model
Running Brockett on St(3,2)...
    multiprecision repetition 1/3: Brockett + exponential
    multiprecision repetition 1/3: Brockett + polar retraction
    multiprecision repetition 2/3: Brockett + polar retraction
    multiprecision repetition 2/3: Brockett + exponential
    multiprecision repetition 3/3: Brockett + exponential
    multiprecision repetition 3/3: Brockett + polar retraction
    moderate-precision timings: Brockett on St(3,2)

MULTIPRECISION SUMMARY
Cylinder: Exp=0.057418373000 s, R=0.034570927000 s, reduction=39.791176%
Sphere S3: Exp=0.098663535000 s, R=0.014421929000 s, reduction=85.382716%
Product torus: Exp=0.110673475000 s, R=0.058621303000 s, reduction=47.032202%
Nonlinear SL(2,R): Exp=4.586302961000 s, R=0.137582547000 s, reduction=97.000143%
Nonlinear Stiefel field: Exp=0.626350441000 s, R=0.271645866000 s, reduction=56.630370%
Wahba on S3: Exp=0.098081173000 s, R=0.085712691000 s, reduction=12.610455%
Toroidal von Mises model: Exp=0.215074405000 s, R=0.188965081000 s, reduction=12.139670%
Brockett on St(3,2): Exp=0.479301760000 s, R=0.256425055000 s, reduction=46.500289%

Results written to results/

ELAPSED_TOTAL=31.41
